0 info it worked if it ends with ok
1 verbose cli [ 'node',
1 verbose cli   '/home/daemos/.linuxbrew/bin/npm',
1 verbose cli   'install',
1 verbose cli   'angular-materials',
1 verbose cli   '--save' ]
2 info using npm@2.11.2
3 info using node@v0.12.5
4 verbose node symlink /home/daemos/.linuxbrew/bin/node
5 verbose install initial load of /home/daemos/projects/teacher_portal/package.json
6 verbose installManyTop reading scoped package data from /home/daemos/projects/teacher_portal/node_modules/express/package.json
7 verbose installManyTop reading scoped package data from /home/daemos/projects/teacher_portal/node_modules/path/package.json
8 info package.json path@0.12.7 path is also the name of a node core module.
9 verbose readDependencies loading dependencies from /home/daemos/projects/teacher_portal/package.json
10 silly cache add args [ 'angular-materials', null ]
11 verbose cache add spec angular-materials
12 silly cache add parsed spec { raw: 'angular-materials',
12 silly cache add   scope: null,
12 silly cache add   name: 'angular-materials',
12 silly cache add   rawSpec: '',
12 silly cache add   spec: '*',
12 silly cache add   type: 'range' }
13 silly addNamed angular-materials@*
14 verbose addNamed "*" is a valid semver range for angular-materials
15 silly addNameRange { name: 'angular-materials', range: '*', hasData: false }
16 silly mapToRegistry name angular-materials
17 silly mapToRegistry using default registry
18 silly mapToRegistry registry https://registry.npmjs.org/
19 silly mapToRegistry uri https://registry.npmjs.org/angular-materials
20 verbose addNameRange registry:https://registry.npmjs.org/angular-materials not in flight; fetching
21 verbose request uri https://registry.npmjs.org/angular-materials
22 verbose request no auth needed
23 info attempt registry request try #1 at 15:45:44
24 verbose request id cae0b114cc09d2e4
25 http request GET https://registry.npmjs.org/angular-materials
26 http 404 https://registry.npmjs.org/angular-materials
27 verbose headers { 'content-type': 'application/json',
27 verbose headers   'cache-control': 'max-age=0',
27 verbose headers   'content-length': '2',
27 verbose headers   'accept-ranges': 'bytes',
27 verbose headers   date: 'Tue, 15 Mar 2016 22:45:44 GMT',
27 verbose headers   via: '1.1 varnish',
27 verbose headers   age: '0',
27 verbose headers   connection: 'keep-alive',
27 verbose headers   'x-served-by': 'cache-sjc3129-SJC',
27 verbose headers   'x-cache': 'MISS',
27 verbose headers   'x-cache-hits': '0',
27 verbose headers   'x-timer': 'S1458081944.364920,VS0,VE89' }
28 silly get cb [ 404,
28 silly get   { 'content-type': 'application/json',
28 silly get     'cache-control': 'max-age=0',
28 silly get     'content-length': '2',
28 silly get     'accept-ranges': 'bytes',
28 silly get     date: 'Tue, 15 Mar 2016 22:45:44 GMT',
28 silly get     via: '1.1 varnish',
28 silly get     age: '0',
28 silly get     connection: 'keep-alive',
28 silly get     'x-served-by': 'cache-sjc3129-SJC',
28 silly get     'x-cache': 'MISS',
28 silly get     'x-cache-hits': '0',
28 silly get     'x-timer': 'S1458081944.364920,VS0,VE89' } ]
29 verbose stack Error: Registry returned 404 for GET on https://registry.npmjs.org/angular-materials
29 verbose stack     at CachingRegistryClient.<anonymous> (/home/daemos/.linuxbrew/lib/node_modules/npm/node_modules/npm-registry-client/lib/request.js:239:14)
29 verbose stack     at Request._callback (/home/daemos/.linuxbrew/lib/node_modules/npm/node_modules/npm-registry-client/lib/request.js:170:14)
29 verbose stack     at Request.self.callback (/home/daemos/.linuxbrew/lib/node_modules/npm/node_modules/request/request.js:354:22)
29 verbose stack     at Request.emit (events.js:110:17)
29 verbose stack     at Request.<anonymous> (/home/daemos/.linuxbrew/lib/node_modules/npm/node_modules/request/request.js:1207:14)
29 verbose stack     at Request.emit (events.js:129:20)
29 verbose stack     at IncomingMessage.<anonymous> (/home/daemos/.linuxbrew/lib/node_modules/npm/node_modules/request/request.js:1153:12)
29 verbose stack     at IncomingMessage.emit (events.js:129:20)
29 verbose stack     at _stream_readable.js:908:16
29 verbose stack     at process._tickCallback (node.js:355:11)
30 verbose statusCode 404
31 verbose pkgid angular-materials
32 verbose cwd /home/daemos/projects/teacher_portal
33 error Linux 3.16.0-60-generic
34 error argv "node" "/home/daemos/.linuxbrew/bin/npm" "install" "angular-materials" "--save"
35 error node v0.12.5
36 error npm  v2.11.2
37 error code E404
38 error 404 Registry returned 404 for GET on https://registry.npmjs.org/angular-materials
38 error 404
38 error 404 'angular-materials' is not in the npm registry.
38 error 404 You should bug the author to publish it (or use the name yourself!)
38 error 404
38 error 404 Note that you can also install from a
38 error 404 tarball, folder, http url, or git url.
39 verbose exit [ 1, true ]
